int     En la linea 1 columnas 1-3 es una Palabra T_int
a     En la linea 1 columnas 5-5 es un IDENTIFICADOR
;     En la linea 1 columnas 6-6 es un ';'
void     En la linea 3 columnas 1-4 es una Palabra T_void
main     En la linea 3 columnas 6-9 es un IDENTIFICADOR
()     En la linea 3 columnas 10-11 es un '()'
{     En la linea 3 columnas 13-13 es un '{'
int     En la linea 4 columnas 4-6 es una Palabra T_int
b     En la linea 4 columnas 8-8 es un IDENTIFICADOR
;     En la linea 4 columnas 9-9 es un ';'
int     En la linea 5 columnas 4-6 es una Palabra T_int
a     En la linea 5 columnas 8-8 es un IDENTIFICADOR
;     En la linea 5 columnas 9-9 es un ';'
int     En la linea 6 columnas 4-6 es una Palabra T_int
d     En la linea 6 columnas 8-8 es un IDENTIFICADOR
;     En la linea 6 columnas 9-9 es un ';'
d     En la linea 8 columnas 4-4 es un IDENTIFICADOR
=     En la linea 8 columnas 6-6 es un '='
2     En la linea 8 columnas 8-8 es un T_INTCONSTANTE	(value = 2)
+     En la linea 8 columnas 10-10 es un '+'
3     En la linea 8 columnas 12-12 es un T_INTCONSTANTE	(value = 3)
*     En la linea 8 columnas 14-14 es un '*'
4     En la linea 8 columnas 16-16 es un T_INTCONSTANTE	(value = 4)
-     En la linea 8 columnas 18-18 es un '-'
6     En la linea 8 columnas 20-20 es un T_INTCONSTANTE	(value = 6)
;     En la linea 8 columnas 21-21 es un ';'
b     En la linea 9 columnas 4-4 es un IDENTIFICADOR
=     En la linea 9 columnas 6-6 es un '='
3     En la linea 9 columnas 8-8 es un T_INTCONSTANTE	(value = 3)
;     En la linea 9 columnas 9-9 es un ';'
a     En la linea 10 columnas 4-4 es un IDENTIFICADOR
=     En la linea 10 columnas 6-6 es un '='
b     En la linea 10 columnas 8-8 es un IDENTIFICADOR
+     En la linea 10 columnas 10-10 es un '+'
2     En la linea 10 columnas 12-12 es un T_INTCONSTANTE	(value = 2)
;     En la linea 10 columnas 13-13 es un ';'
}     En la linea 11 columnas 1-1 es un '}'
